{
  "RSpec": {
    "coverage": {
      "/home/cis/TddStringCalculator/app/helpers/application_helper.rb": {
        "lines": [
          1,
          null
        ]
      },
      "/home/cis/TddStringCalculator/app/services/string_calculator_service.rb": {
        "lines": [
          null,
          1,
          1,
          3,
          null,
          null,
          1,
          3,
          null,
          2,
          2,
          null,
          null
        ]
      },
      "/home/cis/TddStringCalculator/app/controllers/application_controller.rb": {
        "lines": [
          0,
          null,
          0,
          0
        ],
        "branches": {}
      },
      "/home/cis/TddStringCalculator/app/jobs/application_job.rb": {
        "lines": [
          0,
          null,
          null,
          null,
          null,
          null,
          0
        ],
        "branches": {}
      },
      "/home/cis/TddStringCalculator/app/mailers/application_mailer.rb": {
        "lines": [
          0,
          0,
          0,
          0
        ],
        "branches": {}
      },
      "/home/cis/TddStringCalculator/app/models/application_record.rb": {
        "lines": [
          0,
          0,
          0
        ],
        "branches": {}
      }
    },
    "timestamp": 1759225720
  }
}
